tile.py run Tue Apr 12 20:51:26 2016
Found 3854 kps in im1
Found 4248 kps in im2
Found 3854 match candidates...
...of which 608 are within the proximity limit of 4 pixels.
Found 191 change keypoints (forward direction)
Found 121 change keypoints (backward direction)
Found 3854 kps in im1
Found 4248 kps in im2
Found 3854 match candidates...
...of which 608 are within the proximity limit of 4 pixels.
Found 166 change keypoints (forward direction)
Found 97 change keypoints (backward direction)
Found 4706 kps in im1
Found 4542 kps in im2
Found 4706 match candidates...
...of which 1983 are within the proximity limit of 4 pixels.
Found 228 change keypoints (forward direction)
Found 86 change keypoints (backward direction)
Found 4706 kps in im1
Found 4542 kps in im2
Found 4706 match candidates...
...of which 2305 are within the proximity limit of 4 pixels.
Found 202 change keypoints (forward direction)
Found 58 change keypoints (backward direction)
