tile.py run Tue Apr 12 20:51:37 2016
Found 1934 kps in im1
Found 1289 kps in im2
Found 1934 match candidates...
...of which 83 are within the proximity limit of 4 pixels.
Found 0 change keypoints (forward direction)
Found 0 change keypoints (backward direction)
Found 1934 kps in im1
Found 1289 kps in im2
Found 1934 match candidates...
...of which 83 are within the proximity limit of 4 pixels.
Found 0 change keypoints (forward direction)
Found 0 change keypoints (backward direction)
Found 1570 kps in im1
Found 1311 kps in im2
Found 1570 match candidates...
...of which 320 are within the proximity limit of 4 pixels.
Found 45 change keypoints (forward direction)
Found 0 change keypoints (backward direction)
Found 1570 kps in im1
Found 1311 kps in im2
Found 1570 match candidates...
...of which 390 are within the proximity limit of 4 pixels.
Found 86 change keypoints (forward direction)
Found 0 change keypoints (backward direction)
